13 -5 -7 12.1574
13 -5 -8 12.1576
13 -8 -7 5.35103
13 -8 -8 5.35495
13 -2 -7 4.81712
13 -2 -8 4.81933
13 -9 -7 4.77375
13 -9 -8 4.77704
13 -3 -7 10.7162
13 -3 -8 10.7298
13 -6 -7 8.99077
13 -6 -8 8.99804
13 0 -7 4.89807
13 0 -8 4.89635
13 -10 -7 6.03241
13 -10 -8 6.0322
13 -4 -7 21.2309
13 -4 -8 21.2607
13 -7 -7 6.41363
13 -7 -8 6.42021
13 -1 -7 3.59881
13 -1 -8 3.59722
11 -5 -7 8.58855
11 -5 -8 8.59744
11 -8 -7 4.76858
11 -8 -8 4.77146
11 -2 -7 4.81712
11 -2 -8 4.81933
11 -9 -7 6.03478
11 -9 -8 6.03514
11 -3 -7 10.7162
11 -3 -8 10.7298
11 -6 -7 6.16009
11 -6 -8 6.17193
11 0 -7 4.89807
11 0 -8 4.89635
11 -10 -7 7.0728
11 -10 -8 7.07482
11 -4 -7 10.9757
11 -4 -8 10.9703
11 -7 -7 5.27809
11 -7 -8 5.28323
11 -1 -7 3.59881
11 -1 -8 3.59722
15 -5 -7 32.9957
15 -5 -8 33.0396
15 -8 -7 6.52948
15 -8 -8 6.54216
15 -2 -7 4.81712
15 -2 -8 4.81933
15 -9 -7 5.38518
15 -9 -8 5.38961
15 -3 -7 10.7162
15 -3 -8 10.7298
15 -6 -7 13.3458
15 -6 -8 13.3641
15 0 -7 4.89807
15 0 -8 4.89635
15 -10 -7 4.77967
15 -10 -8 4.78315
15 -4 -7 21.2309
15 -4 -8 21.2607
15 -7 -7 8.86959
15 -7 -8 8.87552
15 -1 -7 3.59881
15 -1 -8 3.59722
10 -5 -7 6.6039
10 -5 -8 6.60861
10 -8 -7 5.32137
10 -8 -8 5.32333
10 -2 -7 4.81712
10 -2 -8 4.81933
10 -9 -7 6.69706
10 -9 -8 6.69798
10 -3 -7 10.7162
10 -3 -8 10.7298
10 -6 -7 5.69786
10 -6 -8 5.70857
10 0 -7 4.89807
10 0 -8 4.89635
10 -10 -7 7.25347
10 -10 -8 7.25697
10 -4 -7 7.85229
10 -4 -8 7.86071
10 -7 -7 4.75902
10 -7 -8 4.75942
10 -1 -7 3.59881
10 -1 -8 3.59722
14 -5 -7 21.0118
14 -5 -8 20.9796
14 -8 -7 6.10942
14 -8 -8 6.11807
14 -2 -7 4.81712
14 -2 -8 4.81933
14 -9 -7 4.81341
14 -9 -8 4.81361
14 -3 -7 10.7162
14 -3 -8 10.7298
14 -6 -7 11.4246
14 -6 -8 11.4388
14 0 -7 4.89807
14 0 -8 4.89635
14 -10 -7 5.31491
14 -10 -8 5.31569
14 -4 -7 21.2309
14 -4 -8 21.2607
14 -7 -7 7.24937
14 -7 -8 7.25773
14 -1 -7 3.59881
14 -1 -8 3.59722
12 -5 -7 10.0635
12 -5 -8 10.0825
12 -8 -7 4.79533
12 -8 -8 4.79567
12 -2 -7 4.81712
12 -2 -8 4.81933
12 -9 -7 5.31484
12 -9 -8 5.31655
12 -3 -7 10.7162
12 -3 -8 10.7298
12 -6 -7 7.00477
12 -6 -8 7.01206
12 0 -7 4.89807
12 0 -8 4.89635
12 -10 -7 6.69731
12 -10 -8 6.69804
12 -4 -7 20.4202
12 -4 -8 20.4221
12 -7 -7 5.96278
12 -7 -8 5.97581
12 -1 -7 3.59881
12 -1 -8 3.59722
