13 -5 -7 33.0999
13 -5 -8 33.0444
13 -8 -7 31.582
13 -8 -8 31.5875
13 -2 -7 50.8753
13 -2 -8 51.0467
13 -9 -7 13.7769
13 -9 -8 13.7678
13 -3 -7 5.8178
13 -3 -8 5.79958
13 -6 -7 43.7992
13 -6 -8 43.8209
13 0 -7 72.5012
13 0 -8 71.3561
13 -10 -7 15.2701
13 -10 -8 15.2736
13 -4 -7 56.463
13 -4 -8 56.8492
13 -7 -7 19.7972
13 -7 -8 19.7812
13 -1 -7 94.7498
13 -1 -8 94.3883
11 -5 -7 25.3816
11 -5 -8 25.3615
11 -8 -7 15.2582
11 -8 -8 15.2628
11 -2 -7 18.7819
11 -2 -8 18.8452
11 -9 -7 9.70434
11 -9 -8 9.70701
11 -3 -7 8.93065
11 -3 -8 8.87269
11 -6 -7 34.0992
11 -6 -8 34.1359
11 0 -7 27.6511
11 0 -8 27.7488
11 -10 -7 13.5932
11 -10 -8 13.5991
11 -4 -7 12.5853
11 -4 -8 12.5979
11 -7 -7 14.2377
11 -7 -8 14.2654
11 -1 -7 70.9219
11 -1 -8 70.8483
15 -5 -7 76.6773
15 -5 -8 76.7134
15 -8 -7 50.0903
15 -8 -8 50.1614
15 -2 -7 413.05
15 -2 -8 414.377
15 -9 -7 29.3576
15 -9 -8 29.3688
15 -3 -7 71.7394
15 -3 -8 71.7575
15 -6 -7 159.333
15 -6 -8 159.645
15 0 -7 160.216
15 0 -8 166.47
15 -10 -7 18.656
15 -10 -8 18.628
15 -4 -7 291.849
15 -4 -8 292.45
15 -7 -7 109.635
15 -7 -8 109.627
15 -1 -7 79.1678
15 -1 -8 78.6162
10 -5 -7 16.9551
10 -5 -8 16.9535
10 -8 -7 10.7468
10 -8 -8 10.7475
10 -2 -7 6.77899
10 -2 -8 6.77924
10 -9 -7 10.5131
10 -9 -8 10.5198
10 -3 -7 4.16076
10 -3 -8 4.17727
10 -6 -7 26.1772
10 -6 -8 26.1646
10 0 -7 10.2407
10 0 -8 10.1572
10 -10 -7 12.9834
10 -10 -8 12.9878
10 -4 -7 4.78895
10 -4 -8 4.79647
10 -7 -7 10.6348
10 -7 -8 10.5957
10 -1 -7 36.4262
10 -1 -8 36.4024
14 -5 -7 21.422
14 -5 -8 21.3795
14 -8 -7 41.6055
14 -8 -8 41.6362
14 -2 -7 128.282
14 -2 -8 128.638
14 -9 -7 23.6881
14 -9 -8 23.8076
14 -3 -7 24.3914
14 -3 -8 24.3714
14 -6 -7 99.1722
14 -6 -8 99.1484
14 0 -7 101.665
14 0 -8 102.582
14 -10 -7 19.8578
14 -10 -8 19.8775
14 -4 -7 127.735
14 -4 -8 127.637
14 -7 -7 37.2304
14 -7 -8 37.1938
14 -1 -7 91.3696
14 -1 -8 91.516
12 -5 -7 45.8375
12 -5 -8 45.9161
12 -8 -7 16.0385
12 -8 -8 16.0482
12 -2 -7 29.6592
12 -2 -8 29.6963
12 -9 -7 10.3915
12 -9 -8 10.3975
12 -3 -7 6.02788
12 -3 -8 6.01413
12 -6 -7 34.0951
12 -6 -8 34.1227
12 0 -7 38.629
12 0 -8 38.5511
12 -10 -7 15.106
12 -10 -8 15.1184
12 -4 -7 36.7647
12 -4 -8 36.8983
12 -7 -7 16.3336
12 -7 -8 16.3451
12 -1 -7 96.1802
12 -1 -8 96.4716
