13 -5 -7 5.78613
13 -5 -8 5.80179
13 -8 -7 6.51064
13 -8 -8 6.52341
13 -2 -7 1.89519
13 -2 -8 1.90023
13 -9 -7 7.12623
13 -9 -8 7.13712
13 -3 -7 3.3479
13 -3 -8 3.3455
13 -6 -7 5.90653
13 -6 -8 5.89476
13 0 -7 0.285809
13 0 -8 0.285492
13 -10 -7 7.79619
13 -10 -8 7.80018
13 -4 -7 5.28461
13 -4 -8 5.27685
13 -7 -7 6.07331
13 -7 -8 6.07254
13 -1 -7 0.409452
13 -1 -8 0.411461
11 -5 -7 5.80409
11 -5 -8 5.80654
11 -8 -7 7.13531
11 -8 -8 7.13851
11 -2 -7 2.58207
11 -2 -8 2.59111
11 -9 -7 7.79456
11 -9 -8 7.79719
11 -3 -7 4.53063
11 -3 -8 4.52611
11 -6 -7 6.06624
11 -6 -8 6.06421
11 0 -7 0.506176
11 0 -8 0.508219
11 -10 -7 8.18613
11 -10 -8 8.18405
11 -4 -7 5.73643
11 -4 -8 5.72487
11 -7 -7 6.52009
11 -7 -8 6.53378
11 -1 -7 1.09726
11 -1 -8 1.10996
15 -5 -7 5.62812
15 -5 -8 5.61608
15 -8 -7 6.07065
15 -8 -8 6.07215
15 -2 -7 1.14158
15 -2 -8 1.13673
15 -9 -7 6.49833
15 -9 -8 6.50893
15 -3 -7 2.27986
15 -3 -8 2.31084
15 -6 -7 5.79094
15 -6 -8 5.79946
15 0 -7 0.104237
15 0 -8 0.10227
15 -10 -7 7.13682
15 -10 -8 7.13915
15 -4 -7 4.39504
15 -4 -8 4.39411
15 -7 -7 6.0001
15 -7 -8 6.00398
15 -1 -7 0.34208
15 -1 -8 0.349365
10 -5 -7 5.98589
10 -5 -8 5.96226
10 -8 -7 7.45989
10 -8 -8 7.46538
10 -2 -7 3.10014
10 -2 -8 3.0898
10 -9 -7 8.01745
10 -9 -8 8.01489
10 -3 -7 5.03778
10 -3 -8 5.03773
10 -6 -7 6.1954
10 -6 -8 6.20598
10 0 -7 0.539385
10 0 -8 0.539579
10 -10 -7 8.28394
10 -10 -8 8.29301
10 -4 -7 5.85525
10 -4 -8 5.85978
10 -7 -7 6.84881
10 -7 -8 6.83218
10 -1 -7 1.921
10 -1 -8 1.93096
14 -5 -7 5.7312
14 -5 -8 5.71872
14 -8 -7 6.17948
14 -8 -8 6.18483
14 -2 -7 1.64475
14 -2 -8 1.63457
14 -9 -7 6.83578
14 -9 -8 6.81889
14 -3 -7 2.72519
14 -3 -8 2.71888
14 -6 -7 5.76212
14 -6 -8 5.75717
14 0 -7 0.162054
14 0 -8 0.149405
14 -10 -7 7.45519
14 -10 -8 7.4574
14 -4 -7 4.86293
14 -4 -8 4.87363
14 -7 -7 6.057
14 -7 -8 6.06885
14 -1 -7 0.34966
14 -1 -8 0.351604
12 -5 -7 5.81879
12 -5 -8 5.82826
12 -8 -7 6.84086
12 -8 -8 6.8238
12 -2 -7 2.21648
12 -2 -8 2.22589
12 -9 -7 7.4563
12 -9 -8 7.46344
12 -3 -7 4.09485
12 -3 -8 4.1167
12 -6 -7 6.0599
12 -6 -8 6.03993
12 0 -7 0.462423
12 0 -8 0.457918
12 -10 -7 8.01552
12 -10 -8 8.01521
12 -4 -7 5.53091
12 -4 -8 5.52997
12 -7 -7 6.17908
12 -7 -8 6.19078
12 -1 -7 0.633423
12 -1 -8 0.646525
