13 -5 -7 18758500.0
13 -5 -8 18758300.0
13 -8 -7 19795900.0
13 -8 -8 19795800.0
13 -2 -7 12579200.0
13 -2 -8 12579300.0
13 -9 -7 19886300.0
13 -9 -8 19886300.0
13 -3 -7 15106700.0
13 -3 -8 15106400.0
13 -6 -7 19677700.0
13 -6 -8 19677800.0
13 0 -7 14104300.0
13 0 -8 14104300.0
13 -10 -7 19975800.0
13 -10 -8 19975800.0
13 -4 -7 17240300.0
13 -4 -8 17240300.0
13 -7 -7 19746500.0
13 -7 -8 19746600.0
13 -1 -7 12497200.0
13 -1 -8 12497300.0
11 -5 -7 19553300.0
11 -5 -8 19553300.0
11 -8 -7 19893700.0
11 -8 -8 19893700.0
11 -2 -7 17271600.0
11 -2 -8 17271500.0
11 -9 -7 19978400.0
11 -9 -8 19978400.0
11 -3 -7 17992700.0
11 -3 -8 17992600.0
11 -6 -7 19760600.0
11 -6 -8 19760600.0
11 0 -7 18030100.0
11 0 -8 18030100.0
11 -10 -7 20029800.0
11 -10 -8 20029800.0
11 -4 -7 18746900.0
11 -4 -8 18747000.0
11 -7 -7 19813300.0
11 -7 -8 19813300.0
11 -1 -7 17318000.0
11 -1 -8 17318000.0
15 -5 -7 17023800.0
15 -5 -8 17023800.0
15 -8 -7 19733100.0
15 -8 -8 19733100.0
15 -2 -7 7929490.0
15 -2 -8 7929460.0
15 -9 -7 19780100.0
15 -9 -8 19780100.0
15 -3 -7 7508860.0
15 -3 -8 7508760.0
15 -6 -7 19214500.0
15 -6 -8 19214500.0
15 0 -7 9315820.0
15 0 -8 9315830.0
15 -10 -7 19883000.0
15 -10 -8 19883000.0
15 -4 -7 12654500.0
15 -4 -8 12654600.0
15 -7 -7 19734100.0
15 -7 -8 19734000.0
15 -1 -7 7990310.0
15 -1 -8 7990360.0
10 -5 -7 19699600.0
10 -5 -8 19699600.0
10 -8 -7 19938200.0
10 -8 -8 19938200.0
10 -2 -7 18304100.0
10 -2 -8 18304000.0
10 -9 -7 20012600.0
10 -9 -8 20012600.0
10 -3 -7 18706500.0
10 -3 -8 18706600.0
10 -6 -7 19790900.0
10 -6 -8 19790900.0
10 0 -7 18888800.0
10 0 -8 18888800.0
10 -10 -7 20041600.0
10 -10 -8 20041600.0
10 -4 -7 19244000.0
10 -4 -8 19244200.0
10 -7 -7 19871100.0
10 -7 -8 19871100.0
10 -1 -7 18437700.0
10 -1 -8 18437700.0
14 -5 -7 18020600.0
14 -5 -8 18020600.0
14 -8 -7 19761600.0
14 -8 -8 19761600.0
14 -2 -7 8615720.0
14 -2 -8 8615700.0
14 -9 -7 19843200.0
14 -9 -8 19843200.0
14 -3 -7 11708400.0
14 -3 -8 11708400.0
14 -6 -7 19502300.0
14 -6 -8 19502300.0
14 0 -7 10462200.0
14 0 -8 10462200.0
14 -10 -7 19929400.0
14 -10 -8 19929400.0
14 -4 -7 15661500.0
14 -4 -8 15661400.0
14 -7 -7 19733100.0
14 -7 -8 19733100.0
14 -1 -7 8573520.0
14 -1 -8 8573580.0
12 -5 -7 19259700.0
12 -5 -8 19259600.0
12 -8 -7 19853600.0
12 -8 -8 19853600.0
12 -2 -7 15474900.0
12 -2 -8 15474900.0
12 -9 -7 19932200.0
12 -9 -8 19932100.0
12 -3 -7 16982000.0
12 -3 -8 16982100.0
12 -6 -7 19735200.0
12 -6 -8 19735200.0
12 0 -7 16543500.0
12 0 -8 16543500.0
12 -10 -7 20012200.0
12 -10 -8 20012100.0
12 -4 -7 18063300.0
12 -4 -8 18063400.0
12 -7 -7 19772100.0
12 -7 -8 19772100.0
12 -1 -7 15461400.0
12 -1 -8 15461400.0
