13 -5 -7 1060.59
13 -5 -8 1066.88
13 -8 -7 152.573
13 -8 -8 152.484
13 -2 -7 1612.3
13 -2 -8 1612.89
13 -9 -7 566.124
13 -9 -8 566.478
13 -3 -7 1381.4
13 -3 -8 1380.91
13 -6 -7 453.361
13 -6 -8 452.255
13 0 -7 2048.51
13 0 -8 2050.18
13 -10 -7 1731.54
13 -10 -8 1731.89
13 -4 -7 1165.98
13 -4 -8 1166.16
13 -7 -7 232.03
13 -7 -8 232.546
13 -1 -7 1873.47
13 -1 -8 1874.5
11 -5 -7 941.293
11 -5 -8 942.026
11 -8 -7 443.192
11 -8 -8 443.097
11 -2 -7 1612.26
11 -2 -8 1612.47
11 -9 -7 1254.22
11 -9 -8 1254.11
11 -3 -7 1381.93
11 -3 -8 1381.7
11 -6 -7 403.101
11 -6 -8 403.392
11 0 -7 2048.19
11 0 -8 2049.54
11 -10 -7 2534.29
11 -10 -8 2534.42
11 -4 -7 1171.36
11 -4 -8 1172.84
11 -7 -7 265.221
11 -7 -8 265.426
11 -1 -7 1873.52
11 -1 -8 1874.2
15 -5 -7 1208.76
15 -5 -8 1223.73
15 -8 -7 175.635
15 -8 -8 176.109
15 -2 -7 1612.3
15 -2 -8 1612.89
15 -9 -7 329.863
15 -9 -8 329.994
15 -3 -7 1381.4
15 -3 -8 1380.97
15 -6 -7 605.57
15 -6 -8 605.456
15 0 -7 2048.51
15 0 -8 2050.18
15 -10 -7 671.072
15 -10 -8 670.825
15 -4 -7 1166.97
15 -4 -8 1157.15
15 -7 -7 250.523
15 -7 -8 251.188
15 -1 -7 1873.47
15 -1 -8 1874.49
10 -5 -7 915.625
10 -5 -8 916.747
10 -8 -7 653.604
10 -8 -8 653.602
10 -2 -7 1611.99
10 -2 -8 1612.04
10 -9 -7 1969.88
10 -9 -8 1969.86
10 -3 -7 1382.6
10 -3 -8 1383.29
10 -6 -7 416.044
10 -6 -8 415.902
10 0 -7 2047.76
10 0 -8 2048.55
10 -10 -7 2672.84
10 -10 -8 2672.66
10 -4 -7 1176.26
10 -4 -8 1176.92
10 -7 -7 370.074
10 -7 -8 369.984
10 -1 -7 1872.1
10 -1 -8 1872.52
14 -5 -7 1129.15
14 -5 -8 1136.55
14 -8 -7 134.235
14 -8 -8 134.453
14 -2 -7 1612.3
14 -2 -8 1612.89
14 -9 -7 439.494
14 -9 -8 440.089
14 -3 -7 1381.4
14 -3 -8 1380.97
14 -6 -7 484.782
14 -6 -8 481.684
14 0 -7 2048.51
14 0 -8 2050.18
14 -10 -7 939.271
14 -10 -8 938.66
14 -4 -7 1166.94
14 -4 -8 1162.09
14 -7 -7 223.844
14 -7 -8 223.909
14 -1 -7 1873.47
14 -1 -8 1874.49
12 -5 -7 984.627
12 -5 -8 985.534
12 -8 -7 319.721
12 -8 -8 319.793
12 -2 -7 1612.3
12 -2 -8 1612.9
12 -9 -7 724.153
12 -9 -8 724.078
12 -3 -7 1381.4
12 -3 -8 1380.76
12 -6 -7 415.405
12 -6 -8 415.213
12 0 -7 2048.51
12 0 -8 2050.26
12 -10 -7 2349.86
12 -10 -8 2349.84
12 -4 -7 1171.86
12 -4 -8 1170.52
12 -7 -7 230.845
12 -7 -8 230.186
12 -1 -7 1873.51
12 -1 -8 1874.53
